<?xml version="1.0" encoding="UTF-8"?>
<testsuite xmlns:xsi="http://www.w3.org/2001/XMLSchema-instance" xsi:noNamespaceSchemaLocation="https://maven.apache.org/surefire/maven-surefire-plugin/xsd/surefire-test-report.xsd" version="3.0.2" name="com.wirpo.repo.ProductRepositoryTest" time="1.008" tests="3" errors="0" skipped="0" failures="0">
  <properties>
[...]
</properties>
  <testcase name="testFindProductById" classname="com.wirpo.repo.ProductRepositoryTest" time="0.362">
    <system-out><![CDATA[2025-03-21T10:50:31.887+05:30  INFO 12876 --- [           main] t.c.s.AnnotationConfigContextLoaderUtils : Could not detect default configuration classes for test class [com.wirpo.repo.ProductRepositoryTest]: ProductRepositoryTest does not declare any static, non-private, non-final, nested classes annotated with @Configuration.
2025-03-21T10:50:31.916+05:30  INFO 12876 --- [           main] .b.t.c.SpringBootTestContextBootstrapper : Found @SpringBootConfiguration com.wirpo.ProductInventoryApplication for test class com.wirpo.repo.ProductRepositoryTest

  .   ____          _            __ _ _
 /\\ / ___'_ __ _ _(_)_ __  __ _ \ \ \ \
( ( )\___ | '_ | '_| | '_ \/ _` | \ \ \ \
 \\/  ___)| |_)| | | | | || (_| |  ) ) ) )
  '  |____| .__|_| |_|_| |_\__, | / / / /
 =========|_|==============|___/=/_/_/_/

 :: Spring Boot ::                (v3.4.3)

2025-03-21T10:50:31.974+05:30  INFO 12876 --- [           main] com.wirpo.repo.ProductRepositoryTest     : Starting ProductRepositoryTest using Java 21.0.6 with PID 12876 (started by ADMIN in D:\Capstone project\Product-Inventory)
2025-03-21T10:50:31.975+05:30  INFO 12876 --- [           main] com.wirpo.repo.ProductRepositoryTest     : No active profile set, falling back to 1 default profile: "default"
2025-03-21T10:50:32.089+05:30  INFO 12876 --- [           main] .s.d.r.c.RepositoryConfigurationDelegate : Bootstrapping Spring Data JPA repositories in DEFAULT mode.
2025-03-21T10:50:32.109+05:30  INFO 12876 --- [           main] .s.d.r.c.RepositoryConfigurationDelegate : Finished Spring Data repository scanning in 17 ms. Found 2 JPA repository interfaces.
2025-03-21T10:50:32.127+05:30  INFO 12876 --- [           main] beddedDataSourceBeanFactoryPostProcessor : Replacing 'dataSource' DataSource bean with embedded version
2025-03-21T10:50:32.162+05:30  INFO 12876 --- [           main] o.s.j.d.e.EmbeddedDatabaseFactory        : Starting embedded database: url='jdbc:h2:mem:ddf57aab-1b3d-4855-a525-1e55f76dc1f6;DB_CLOSE_DELAY=-1;DB_CLOSE_ON_EXIT=false', username='sa'
2025-03-21T10:50:32.200+05:30  INFO 12876 --- [           main] o.hibernate.jpa.internal.util.LogHelper  : HHH000204: Processing PersistenceUnitInfo [name: default]
2025-03-21T10:50:32.205+05:30  INFO 12876 --- [           main] o.h.c.internal.RegionFactoryInitiator    : HHH000026: Second-level cache disabled
2025-03-21T10:50:32.221+05:30  INFO 12876 --- [           main] o.s.o.j.p.SpringPersistenceUnitInfo      : No LoadTimeWeaver setup: ignoring JPA class transformer
2025-03-21T10:50:32.223+05:30  WARN 12876 --- [           main] org.hibernate.orm.deprecation            : HHH90000025: H2Dialect does not need to be specified explicitly using 'hibernate.dialect' (remove the property setting and it will be selected by default)
2025-03-21T10:50:32.224+05:30  INFO 12876 --- [           main] org.hibernate.orm.connections.pooling    : HHH10001005: Database info:
	Database JDBC URL [Connecting through datasource 'org.springframework.jdbc.datasource.embedded.EmbeddedDatabaseFactory$EmbeddedDataSourceProxy@43376a03']
	Database driver: undefined/unknown
	Database version: 2.3.232
	Autocommit mode: undefined/unknown
	Isolation level: undefined/unknown
	Minimum pool size: undefined/unknown
	Maximum pool size: undefined/unknown
2025-03-21T10:50:32.372+05:30  INFO 12876 --- [           main] o.h.e.t.j.p.i.JtaPlatformInitiator       : HHH000489: No JTA platform available (set 'hibernate.transaction.jta.platform' to enable JTA platform integration)
Hibernate: drop table if exists products cascade 
Hibernate: drop table if exists users cascade 
Hibernate: create table products (price float(53) not null, quantity integer not null, id bigint generated by default as identity, description varchar(255), manufacturer varchar(255), name varchar(255) not null, primary key (id))
Hibernate: create table users (id bigint generated by default as identity, email varchar(255) not null unique, first_name varchar(255), last_name varchar(255), location varchar(255), mobile_number varchar(255), password varchar(255), primary key (id))
2025-03-21T10:50:32.381+05:30  INFO 12876 --- [           main] j.LocalContainerEntityManagerFactoryBean : Initialized JPA EntityManagerFactory for persistence unit 'default'
2025-03-21T10:50:32.456+05:30  INFO 12876 --- [           main] com.wirpo.repo.ProductRepositoryTest     : Started ProductRepositoryTest in 0.536 seconds (process running for 18.345)
Hibernate: insert into products (description,manufacturer,name,price,quantity,id) values (?,?,?,?,?,default)
]]></system-out>
  </testcase>
  <testcase name="testSaveProduct" classname="com.wirpo.repo.ProductRepositoryTest" time="0.038">
    <system-out><![CDATA[Hibernate: insert into products (description,manufacturer,name,price,quantity,id) values (?,?,?,?,?,default)
]]></system-out>
  </testcase>
  <testcase name="testDeleteProduct" classname="com.wirpo.repo.ProductRepositoryTest" time="0.019">
    <system-out><![CDATA[Hibernate: insert into products (description,manufacturer,name,price,quantity,id) values (?,?,?,?,?,default)
]]></system-out>
  </testcase>
</testsuite>